\BOOKMARK [0][-]{chapter.1}{Preliminares}{}% 1
\BOOKMARK [1][-]{section.1.1}{Planteamiento y formulaci\363n del problema}{chapter.1}% 2
\BOOKMARK [1][-]{section.1.2}{Objetivos}{chapter.1}% 3
\BOOKMARK [2][-]{subsection.1.2.1}{Objetivo General}{section.1.2}% 4
\BOOKMARK [2][-]{subsection.1.2.2}{Objetivos Espec\355ficos}{section.1.2}% 5
\BOOKMARK [1][-]{section.1.3}{Justificaci\363n e Importancia}{chapter.1}% 6
\BOOKMARK [1][-]{section.1.4}{Alcance y Limitaciones}{chapter.1}% 7
\BOOKMARK [0][-]{chapter.2}{Fundamentos te\363ricos}{}% 8
\BOOKMARK [1][-]{section.2.1}{Antecedentes}{chapter.2}% 9
\BOOKMARK [1][-]{section.2.2}{Bases Te\363ricas}{chapter.2}% 10
\BOOKMARK [2][-]{subsection.2.2.1}{Regresi\363n Espacial.}{section.2.2}% 11
\BOOKMARK [2][-]{subsection.2.2.2}{Redes Neuronales Artificiales.}{section.2.2}% 12
\BOOKMARK [2][-]{subsection.2.2.3}{Curvas ROC.}{section.2.2}% 13
\BOOKMARK [2][-]{subsection.2.2.4}{Lenguaje R.}{section.2.2}% 14
\BOOKMARK [2][-]{subsection.2.2.5}{RStudio.}{section.2.2}% 15
\BOOKMARK [0][-]{chapter.3}{Fundamentos Metodol\363gicos}{}% 16
\BOOKMARK [1][-]{section.3.1}{Enfoque de la investigaci\363n}{chapter.3}% 17
\BOOKMARK [1][-]{section.3.2}{Tipo o nivel de investigaci\363n}{chapter.3}% 18
\BOOKMARK [1][-]{section.3.3}{Dise\361o de la investigaci\363n}{chapter.3}% 19
\BOOKMARK [1][-]{section.3.4}{Metodolog\355a}{chapter.3}% 20
\BOOKMARK [1][-]{section.3.5}{Aspectos administrativos}{chapter.3}% 21
