\BOOKMARK [0][-]{chapter.1}{Preliminares}{}% 1
\BOOKMARK [1][-]{section.1.1}{Planteamiento y formulaci\363n del problema}{chapter.1}% 2
\BOOKMARK [1][-]{section.1.2}{Objetivos}{chapter.1}% 3
\BOOKMARK [2][-]{subsection.1.2.1}{Objetivo general}{section.1.2}% 4
\BOOKMARK [2][-]{subsection.1.2.2}{Objetivos espec\355ficos}{section.1.2}% 5
\BOOKMARK [1][-]{section.1.3}{Aportes de la investigaci\363n}{chapter.1}% 6
\BOOKMARK [0][-]{chapter.2}{Fundamentos te\363ricos}{}% 7
\BOOKMARK [1][-]{section.2.1}{Antecedentes}{chapter.2}% 8
\BOOKMARK [1][-]{section.2.2}{Bases Te\363ricas}{chapter.2}% 9
\BOOKMARK [2][-]{subsection.2.2.1}{Papa criolla \(Solanum Phureja\).}{section.2.2}% 10
\BOOKMARK [2][-]{subsection.2.2.2}{Redes neuronales artificiales.}{section.2.2}% 11
\BOOKMARK [2][-]{subsection.2.2.3}{Redes neuronales probabil\355sticas.}{section.2.2}% 12
\BOOKMARK [2][-]{subsection.2.2.4}{Curvas ROC.}{section.2.2}% 13
\BOOKMARK [2][-]{subsection.2.2.5}{Lenguaje R.}{section.2.2}% 14
\BOOKMARK [2][-]{subsection.2.2.6}{Estructura de paquetes en R/RStudio.}{section.2.2}% 15
\BOOKMARK [2][-]{subsection.2.2.7}{RStudio.}{section.2.2}% 16
\BOOKMARK [0][-]{chapter.3}{Fundamentos metodol\363gicos}{}% 17
\BOOKMARK [1][-]{section.3.1}{Enfoque de la investigaci\363n}{chapter.3}% 18
\BOOKMARK [1][-]{section.3.2}{Dise\361o de la investigaci\363n}{chapter.3}% 19
\BOOKMARK [1][-]{section.3.3}{Fases metodol\363gicas}{chapter.3}% 20
\BOOKMARK [2][-]{subsection.3.3.1}{Desarrollo del paquete en R}{section.3.3}% 21
\BOOKMARK [2][-]{subsection.3.3.2}{Comparaci\363n de resultados.}{section.3.3}% 22
\BOOKMARK [0][-]{chapter.4}{Desarrollo}{}% 23
\BOOKMARK [1][-]{section.4.1}{Creaci\363n del esqueleto del paquete.}{chapter.4}% 24
\BOOKMARK [1][-]{section.4.2}{Dise\361o de las soluciones algor\355tmicas.}{chapter.4}% 25
\BOOKMARK [2][-]{subsection.4.2.1}{Dise\361o de las soluciones algor\355tmicas para el entrenamiento de una red neuronal probabil\355stica que permita la clasificaci\363n de tub\351rculos de papa.}{section.4.2}% 26
\BOOKMARK [2][-]{subsection.4.2.2}{Dise\361o del algoritmo de la funci\363n de entrenamiento y clasificaci\363n de la red \(trainNeuralNet\).}{section.4.2}% 27
\BOOKMARK [2][-]{subsection.4.2.3}{Dise\361o del algoritmo de la funci\363n de evaluaci\363n de la red neuronal probabil\355stica y su clasificaci\363n \(evaluate\).}{section.4.2}% 28
\BOOKMARK [2][-]{subsection.4.2.4}{Dise\361o del algoritmo de la funci\363n de estandarizaci\363n de datos \(standardize\).}{section.4.2}% 29
\BOOKMARK [1][-]{section.4.3}{Codificaci\363n de los algoritmos}{chapter.4}% 30
\BOOKMARK [1][-]{section.4.4}{Chequeo del paquete, m\351todo de distribuci\363n y registro del m\351todo de env\355o.}{chapter.4}% 31
\BOOKMARK [1][-]{section.4.5}{Pruebas funcionales del paquete}{chapter.4}% 32
\BOOKMARK [0][-]{chapter.5}{Conclusiones y recomendaciones}{}% 33
